android/app/build/outputs/logs/manifest-merger-prodMinSdk-prodKernel-release-report.txt
-- Merging decision tree log ---
manifest
ADDED from src/main/AndroidManifest.xml:2:1-308:12
INJECTED from src/main/AndroidManifest.xml:2:1-308:12
INJECTED from src/main/AndroidManifest.xml:2:1-308:12
INJECTED from src/main/AndroidManifest.xml:2:1-308:12
MERGED from [:react-native-onesignal] AndroidManifest.xml:2:1-7:12
MERGED from [:react-native-iap] AndroidManifest.xml:2:1-11:12
MERGED from [com.android.billingclient:billing:1.1] AndroidManifest.xml:2:1-19:12
MERGED from [:react-native-google-analytics-bridge] AndroidManifest.xml:2:1-14:12
MERGED from [host.exp.exponent:expoview:29.0.0] AndroidManifest.xml:2:1-87:12
MERGED from [com.android.support:multidex:1.0.2] AndroidManifest.xml:17:1-22:12
MERGED from [com.theartofdev.edmodo:android-image-cropper:2.4.7] AndroidManifest.xml:2:1-12:12
MERGED from [com.facebook.react:react-native:29.0.0] AndroidManifest.xml:2:1-15:12
MERGED from [com.facebook.android:facebook-android-sdk:4.34.0] AndroidManifest.xml:21:1-31:12
MERGED from [com.facebook.android:facebook-login:4.34.0] AndroidManifest.xml:21:1-31:12
MERGED from [com.facebook.android:facebook-share:4.34.0] AndroidManifest.xml:21:1-31:12
MERGED from [com.facebook.android:facebook-common:4.34.0] AndroidManifest.xml:21:1-37:12
MERGED from [host.exp.exponent:expo-permissions:1.0.1] AndroidManifest.xml:2:1-11:12
MERGED from [host.exp.exponent:expo-camera:1.0.1] AndroidManifest.xml:2:1-11:12
MERGED from [com.google.android:cameraview:1.0.0] AndroidManifest.xml:14:1-34:12
MERGED from [com.android.support:appcompat-v7:27.1.1] AndroidManifest.xml:17:1-22:12
MERGED from [com.facebook.android:audience-network-sdk:4.99.0] AndroidManifest.xml:2:1-20:12
MERGED from [com.jakewharton:butterknife:8.4.0] AndroidManifest.xml:2:1-7:12
MERGED from [com.google.android.gms:play-services-gcm:15.0.1] AndroidManifest.xml:17:1-28:12
MERGED from [com.google.android.gms:play-services-analytics:16.0.1] AndroidManifest.xml:17:1-47:12
MERGED from [com.google.android.gms:play-services-wallet:15.0.1] AndroidManifest.xml:17:1-22:12
MERGED from [com.google.android.gms:play-services-maps:15.0.1] AndroidManifest.xml:17:1-32:12
MERGED from [com.google.android.gms:play-services-auth:15.0.1] AndroidManifest.xml:17:1-39:12
MERGED from [com.onesignal:OneSignal:3.10.1] AndroidManifest.xml:2:1-108:12
MERGED from [com.google.android.gms:play-services-fitness:15.0.1] AndroidManifest.xml:17:1-24:12
MERGED from [com.google.android.gms:play-services-location:15.0.1] AndroidManifest.xml:2:1-9:12
MERGED from [com.google.android.gms:play-services-ads:15.0.1] AndroidManifest.xml:17:1-25:12
MERGED from [com.raizlabs.android:DBFlow:2.2.1] AndroidManifest.xml:2:1-13:12
MERGED from [host.exp.exponent:expo-constants:1.0.1] AndroidManifest.xml:2:1-11:12
MERGED from [host.exp.exponent:expo-file-system:1.0.1] AndroidManifest.xml:2:1-11:12
MERGED from [me.leolin:ShortcutBadger:1.1.4] AndroidManifest.xml:2:1-35:12
MERGED from [com.yqritc:android-scalablevideoview:1.0.1] AndroidManifest.xml:2:1-12:12
MERGED from [net.openid:appauth:0.4.1] AndroidManifest.xml:15:1-46:12
MERGED from [com.airbnb.android:lottie:2.5.5] AndroidManifest.xml:2:1-13:12
MERGED from [io.branch.sdk.android:library:2.17.1] AndroidManifest.xml:2:1-11:12
MERGED from [io.nlopez.smartlocation:library:3.2.11] AndroidManifest.xml:2:1-30:12
MERGED from [host.exp.exponent:expo-face-detector:1.0.1] AndroidManifest.xml:2:1-11:12
MERGED from [com.android.support:exifinterface:27.1.1] AndroidManifest.xml:17:1-22:12
MERGED from [com.facebook.fresco:imagepipeline-okhttp3:1.0.1] AndroidManifest.xml:2:1-9:12
MERGED from [com.squareup.leakcanary:leakcanary-android-no-op:1.4-beta1] AndroidManifest.xml:17:1-24:12
MERGED from [com.google.android.gms:play-services-tagmanager-v4-impl:16.0.1] AndroidManifest.xml:17:1-24:12
MERGED from [com.google.android.gms:play-services-iid:15.0.1] AndroidManifest.xml:17:1-28:12
MERGED from [com.google.android.gms:play-services-analytics-impl:16.0.1] AndroidManifest.xml:17:1-31:12
MERGED from [com.google.android.gms:play-services-auth-api-phone:15.0.1] AndroidManifest.xml:2:1-7:12
MERGED from [com.google.android.gms:play-services-auth-base:15.0.1] AndroidManifest.xml:2:1-7:12
MERGED from [com.google.android.gms:play-services-vision:15.0.2] AndroidManifest.xml:2:1-9:12
MERGED from [com.google.android.gms:play-services-vision-common:15.0.2] AndroidManifest.xml:2:1-9:12
MERGED from [com.google.android.gms:play-services-identity:15.0.1] AndroidManifest.xml:17:1-24:12
MERGED from [com.google.android.gms:play-services-clearcut:15.0.1] AndroidManifest.xml:17:1-24:12
MERGED from [com.google.android.gms:play-services-flags:15.0.1] AndroidManifest.xml:17:1-22:12
MERGED from [com.google.android.gms:play-services-phenotype:15.0.1] AndroidManifest.xml:17:1-24:12
MERGED from [com.google.firebase:firebase-messaging:17.1.0] AndroidManifest.xml:17:1-37:12
MERGED from [com.google.firebase:firebase-core:16.0.1] AndroidManifest.xml:2:1-9:12
MERGED from [com.google.firebase:firebase-measurement-connector-impl:16.0.1] AndroidManifest.xml:17:1-34:12
MERGED from [com.google.firebase:firebase-analytics:16.0.1] AndroidManifest.xml:17:1-55:12
MERGED from [com.google.firebase:firebase-analytics-impl:16.1.1] AndroidManifest.xml:17:1-40:12
MERGED from [com.google.firebase:firebase-iid:16.2.0] AndroidManifest.xml:17:1-65:12
MERGED from [com.google.firebase:firebase-iid-interop:16.0.0] AndroidManifest.xml:2:1-10:12
MERGED from [com.google.android.gms:play-services-base:15.0.1] AndroidManifest.xml:17:1-29:12
MERGED from [com.google.android.gms:play-services-stats:15.0.1] AndroidManifest.xml:2:1-9:12
MERGED from [com.google.firebase:firebase-common:16.0.0] AndroidManifest.xml:2:1-16:12
MERGED from [com.google.android.gms:play-services-tasks:15.0.1] AndroidManifest.xml:2:1-9:12
MERGED from [com.google.android.gms:play-services-places-placereport:15.0.1] AndroidManifest.xml:17:1-24:12
MERGED from [com.google.android.gms:play-services-ads-identifier:15.0.1] AndroidManifest.xml:17:1-24:12
MERGED from [com.google.android.gms:play-services-ads-lite:15.0.1] AndroidManifest.xml:17:1-36:12
MERGED from [com.google.android.gms:play-services-gass:15.0.1] AndroidManifest.xml:2:1-9:12
MERGED from [com.google.firebase:firebase-measurement-connector:16.0.0] AndroidManifest.xml:17:1-25:12
MERGED from [com.google.android.gms:play-services-basement:15.0.1] AndroidManifest.xml:17:1-28:12
MERGED from [com.github.thefuntasty:CreditCardEntry:1.4.8.4] AndroidManifest.xml:2:1-12:12
MERGED from [com.android.support:support-v4:27.1.1] AndroidManifest.xml:17:1-22:12
MERGED from [com.android.support:support-fragment:27.1.1] AndroidManifest.xml:17:1-22:12
MERGED from [com.facebook.android:facebook-places:4.34.0] AndroidManifest.xml:21:1-31:12
MERGED from [com.facebook.android:facebook-applinks:4.34.0] AndroidManifest.xml:21:1-31:12
MERGED from [com.facebook.android:facebook-messenger:4.34.0] AndroidManifest.xml:21:1-31:12
MERGED from [com.facebook.android:facebook-marketing:4.34.0] AndroidManifest.xml:21:1-35:12
MERGED from [com.facebook.android:facebook-core:4.34.0] AndroidManifest.xml:21:1-53:12
MERGED from [com.android.support:animated-vector-drawable:27.1.1] AndroidManifest.xml:17:1-22:12
MERGED from [com.android.support:recyclerview-v7:27.1.1] AndroidManifest.xml:17:1-22:12
MERGED from [com.android.support:customtabs:27.1.1] AndroidManifest.xml:17:1-22:12
MERGED from [com.android.support:support-core-ui:27.1.1] AndroidManifest.xml:17:1-22:12
MERGED from [com.android.support:support-core-utils:27.1.1] AndroidManifest.xml:17:1-22:12
MERGED from [com.android.support:support-vector-drawable:27.1.1] AndroidManifest.xml:17:1-22:12
MERGED from [com.android.support:cardview-v7:27.1.1] AndroidManifest.xml:17:1-22:12
MERGED from [com.stripe:stripe-android:2.1.0] AndroidManifest.xml:2:1-11:12
MERGED from [com.android.support:support-media-compat:27.1.1] AndroidManifest.xml:17:1-22:12
MERGED from [com.android.support:support-compat:27.1.1] AndroidManifest.xml:17:1-22:12
MERGED from [com.google.android.exoplayer:exoplayer:2.6.1] AndroidManifest.xml:17:1-25:12
MERGED from [com.google.android.exoplayer:exoplayer-hls:2.6.1] AndroidManifest.xml:17:1-25:12
MERGED from [com.google.android.exoplayer:exoplayer-smoothstreaming:2.6.1] AndroidManifest.xml:17:1-25:12
MERGED from [com.google.android.exoplayer:exoplayer-ui:2.6.1] AndroidManifest.xml:17:1-25:12
MERGED from [com.google.android.exoplayer:exoplayer-dash:2.6.1] AndroidManifest.xml:17:1-25:12
MERGED from [com.google.android.exoplayer:exoplayer-core:2.6.1] AndroidManifest.xml:17:1-25:12
MERGED from [com.google.android.gms:play-services-measurement-base:16.0.0] AndroidManifest.xml:17:1-24:12
MERGED from [com.google.android.gms:play-services-ads-base:15.0.1] AndroidManifest.xml:17:1-24:12
MERGED from [com.crashlytics.sdk.android:answers-shim:0.0.6] AndroidManifest.xml:2:1-13:12
MERGED from [host.exp.exponent:expo-react-native-adapter:1.0.1] AndroidManifest.xml:2:1-11:12
MERGED from [host.exp.exponent:expo-gl:1.0.1] AndroidManifest.xml:2:1-15:12
MERGED from [host.exp.exponent:expo-camera-interface:1.0.1] AndroidManifest.xml:2:1-11:12
MERGED from [host.exp.exponent:expo-sensors:1.0.1] AndroidManifest.xml:2:1-11:12
MERGED from [host.exp.exponent:expo-sensors-interface:1.0.1] AndroidManifest.xml:2:1-11:12
MERGED from [host.exp.exponent:expo-file-system-interface:1.0.1] AndroidManifest.xml:2:1-11:12
MERGED from [host.exp.exponent:expo-sms:1.0.1] AndroidManifest.xml:2:1-11:12
MERGED from [host.exp.exponent:expo-permissions-interface:1.0.1] AndroidManifest.xml:2:1-11:12
MERGED from [host.exp.exponent:expo-constants-interface:1.0.1] AndroidManifest.xml:2:1-11:12
MERGED from [host.exp.exponent:expo-gl-cpp:1.0.1] AndroidManifest.xml:2:1-11:12
MERGED from [host.exp.exponent:expo-face-detector-interface:1.0.1] AndroidManifest.xml:2:1-11:12
MERGED from [host.exp.exponent:expo-core:1.0.1] AndroidManifest.xml:2:1-11:12
MERGED from [host.exp.exponent:expo-gl-abi29_0_0:1.0.0] AndroidManifest.xml:2:1-15:12
MERGED from [host.exp.exponent:expo-face-detector-abi29_0_0:1.0.0] AndroidManifest.xml:2:1-11:12
MERGED from [host.exp.exponent:expo-sms-abi29_0_0:1.0.0] AndroidManifest.xml:2:1-11:12
MERGED from [host.exp.exponent:expo-face-detector-interface-abi29_0_0:1.0.0] AndroidManifest.xml:2:1-11:12
MERGED from [host.exp.exponent:expo-permissions-interface-abi29_0_0:1.0.0] AndroidManifest.xml:2:1-11:12
MERGED from [host.exp.exponent:expo-file-system-interface-abi29_0_0:1.0.0] AndroidManifest.xml:2:1-11:12
MERGED from [host.exp.exponent:expo-react-native-adapter-abi29_0_0:1.0.0] AndroidManifest.xml:2:1-11:12
MERGED from [host.exp.exponent:expo-constants-interface-abi29_0_0:1.0.0] AndroidManifest.xml:2:1-11:12
MERGED from [host.exp.exponent:expo-sensors-interface-abi29_0_0:1.0.0] AndroidManifest.xml:2:1-11:12
MERGED from [host.exp.exponent:expo-camera-interface-abi29_0_0:1.0.0] AndroidManifest.xml:2:1-11:12
MERGED from [host.exp.exponent:expo-permissions-abi29_0_0:1.0.0] AndroidManifest.xml:2:1-11:12
MERGED from [host.exp.exponent:expo-file-system-abi29_0_0:1.0.0] AndroidManifest.xml:2:1-11:12
MERGED from [host.exp.exponent:expo-constants-abi29_0_0:1.0.0] AndroidManifest.xml:2:1-11:12
MERGED from [host.exp.exponent:expo-sensors-abi29_0_0:1.0.0] AndroidManifest.xml:2:1-11:12
MERGED from [host.exp.exponent:expo-camera-abi29_0_0:1.0.0] AndroidManifest.xml:2:1-11:12
MERGED from [host.exp.exponent:expo-core-abi29_0_0:1.0.0] AndroidManifest.xml:2:1-11:12
MERGED from [host.exp:reactandroid-abi28_0_0:1.0.0] AndroidManifest.xml:2:1-15:12
MERGED from [host.exp:reactandroid-abi27_0_0:1.0.0] AndroidManifest.xml:2:1-15:12
MERGED from [host.exp:reactandroid-abi26_0_0:1.0.0] AndroidManifest.xml:2:1-15:12
MERGED from [host.exp:reactandroid-abi25_0_0:1.0.0] AndroidManifest.xml:2:1-15:12
MERGED from [host.exp:reactandroid-abi24_0_0:1.0.0] AndroidManifest.xml:2:1-15:12
MERGED from [host.exp:reactandroid-abi23:1.0.0] AndroidManifest.xml:2:1-15:12
MERGED from [com.facebook.fbui.textlayoutbuilder:textlayoutbuilder:1.0.0] AndroidManifest.xml:10:1-18:12
MERGED from [com.facebook.fresco:fresco:1.0.1] AndroidManifest.xml:2:1-9:12
MERGED from [com.facebook.fresco:animated-gif:1.0.1] AndroidManifest.xml:2:1-9:12
MERGED from [com.facebook.fresco:animated-webp:1.0.1] AndroidManifest.xml:2:1-9:12
MERGED from [com.facebook.fresco:webpsupport:1.0.1] AndroidManifest.xml:2:1-9:12
MERGED from [expolib_v1.com.facebook.fresco:expolib_v1-imagepipeline-okhttp3:1.0.1] AndroidManifest.xml:2:1-9:12
MERGED from [com.facebook.soloader:soloader:0.1.0] AndroidManifest.xml:1:1-4:12
MERGED from [org.webkit:android-jsc:r174650] AndroidManifest.xml:1:1-3:12
MERGED from [com.crashlytics.sdk.android:crashlytics:2.5.5] AndroidManifest.xml:2:1-13:12
MERGED from [com.google.maps.android:android-maps-utils:0.5] AndroidManifest.xml:2:1-13:12
MERGED from [host.exp:reactandroid-abi29_0_0:1.0.0] AndroidManifest.xml:2:1-15:12
MERGED from [android.arch.lifecycle:livedata-core:1.1.0] AndroidManifest.xml:17:1-22:12
MERGED from [android.arch.lifecycle:viewmodel:1.1.0] AndroidManifest.xml:17:1-22:12
MERGED from [com.facebook.fresco:drawee:1.0.1] AndroidManifest.xml:2:1-9:12
MERGED from [com.facebook.fresco:animated-base:1.0.1] AndroidManifest.xml:2:1-9:12
MERGED from [com.facebook.fresco:imagepipeline:1.0.1] AndroidManifest.xml:2:1-9:12
MERGED from [com.facebook.fresco:imagepipeline-base:1.0.1] AndroidManifest.xml:2:1-9:12
MERGED from [com.facebook.fresco:fbcore:1.0.1] AndroidManifest.xml:2:1-9:12
MERGED from [com.crashlytics.sdk.android:crashlytics-core:2.3.8] AndroidManifest.xml:2:1-13:12
MERGED from [com.crashlytics.sdk.android:answers:1.3.6] AndroidManifest.xml:2:1-13:12
MERGED from [io.fabric.sdk.android:fabric:1.3.10] AndroidManifest.xml:18:1-29:12
MERGED from [com.crashlytics.sdk.android:beta:1.1.4] AndroidManifest.xml:2:1-13:12
MERGED from [android.arch.lifecycle:runtime:1.1.0] AndroidManifest.xml:17:1-22:12
MERGED from [android.arch.core:runtime:1.1.0] AndroidManifest.xml:17:1-22:12
INJECTED from src/main/AndroidManifest.xml:2:1-308:12
INJECTED from src/main/AndroidManifest.xml:2:1-308:12
INJECTED from src/main/AndroidManifest.xml:2:1-308:12
	package
		ADDED from src/main/AndroidManifest.xml:3:3-30
		INJECTED from src/main/AndroidManifest.xml
		INJECTED from src/main/AndroidManifest.xml
	android:versionName
		INJECTED from src/main/AndroidManifest.xml
		ADDED from src/main/AndroidManifest.xml:2:1-308:12
		INJECTED from src/main/AndroidManifest.xml
	xmlns:tools
		ADDED from src/main/AndroidManifest.xml:5:3-49
	android:versionCode
		INJECTED from src/main/AndroidManifest.xml
		ADDED from src/main/AndroidManifest.xml:2:1-308:12
		INJECTED from src/main/AndroidManifest.xml
	xmlns:android
		ADDED from src/main/AndroidManifest.xml:4:3-61
permission#com.invertirenbolsa.iebapp.permission.C2D_MESSAGE
ADDED from src/main/AndroidManifest.xml:7:3-9:42
MERGED from [com.onesignal:OneSignal:3.10.1] AndroidManifest.xml:8:5-10:47
MERGED from [com.google.firebase:firebase-iid:16.2.0] AndroidManifest.xml:28:5-30:47
	android:protectionLevel
		ADDED from src/main/AndroidManifest.xml:9:5-40
	android:name
		ADDED from src/main/AndroidManifest.xml:8:5-69
uses-permission#com.invertirenbolsa.iebapp.permission.C2D_MESSAGE
ADDED from src/main/AndroidManifest.xml:12:3-87
MERGED from [com.onesignal:OneSignal:3.10.1] AndroidManifest.xml:12:5-79
MERGED from [com.google.firebase:firebase-iid:16.2.0] AndroidManifest.xml:32:5-79
	android:name
		ADDED from src/main/AndroidManifest.xml:12:20-84
uses-permission#com.google.android.c2dm.permission.RECEIVE
ADDED from src/main/AndroidManifest.xml:13:3-80
MERGED from [com.google.android.gms:play-services-gcm:15.0.1] AndroidManifest.xml:23:5-82
MERGED from [com.google.android.gms:play-services-gcm:15.0.1] AndroidManifest.xml:23:5-82
MERGED from [com.onesignal:OneSignal:3.10.1] AndroidManifest.xml:18:5-82
MERGED from [com.onesignal:OneSignal:3.10.1] AndroidManifest.xml:18:5-82
MERGED from [com.google.android.gms:play-services-iid:15.0.1] AndroidManifest.xml:23:5-82
MERGED from [com.google.android.gms:play-services-iid:15.0.1] AndroidManifest.xml:23:5-82
MERGED from [com.google.firebase:firebase-iid:16.2.0] AndroidManifest.xml:26:5-82
MERGED from [com.google.firebase:firebase-iid:16.2.0] AndroidManifest.xml:26:5-82
	android:name
		ADDED from src/main/AndroidManifest.xml:13:20-77
uses-permission#android.permission.ACCESS_NETWORK_STATE
ADDED from src/main/AndroidManifest.xml:14:3-77
MERGED from [:react-native-google-analytics-bridge] AndroidManifest.xml:12:5-79
MERGED from [:react-native-google-analytics-bridge] AndroidManifest.xml:12:5-79
MERGED from [host.exp.exponent:expoview:29.0.0] AndroidManifest.xml:25:5-79
MERGED from [host.exp.exponent:expoview:29.0.0] AndroidManifest.xml:25:5-79
MERGED from [com.facebook.android:audience-network-sdk:4.99.0] AndroidManifest.xml:12:5-79
MERGED from [com.facebook.android:audience-network-sdk:4.99.0] AndroidManifest.xml:12:5-79
MERGED from [com.google.android.gms:play-services-analytics:16.0.1] AndroidManifest.xml:24:5-79
MERGED from [com.google.android.gms:play-services-analytics:16.0.1] AndroidManifest.xml:24:5-79
MERGED from [com.google.android.gms:play-services-maps:15.0.1] AndroidManifest.xml:23:5-79
MERGED from [com.google.android.gms:play-services-maps:15.0.1] AndroidManifest.xml:23:5-79
MERGED from [com.onesignal:OneSignal:3.10.1] AndroidManifest.xml:25:5-79
MERGED from [com.onesignal:OneSignal:3.10.1] AndroidManifest.xml:25:5-79
MERGED from [io.nlopez.smartlocation:library:3.2.11] AndroidManifest.xml:13:5-79
MERGED from [io.nlopez.smartlocation:library:3.2.11] AndroidManifest.xml:13:5-79
MERGED from [com.google.android.gms:play-services-analytics-impl:16.0.1] AndroidManifest.xml:24:5-79
MERGED from [com.google.android.gms:play-services-analytics-impl:16.0.1] AndroidManifest.xml:24:5-79
MERGED from [com.google.firebase:firebase-measurement-connector-impl:16.0.1] AndroidManifest.xml:23:5-79
MERGED from [com.google.firebase:firebase-measurement-connector-impl:16.0.1] AndroidManifest.xml:23:5-79
MERGED from [com.google.firebase:firebase-analytics:16.0.1] AndroidManifest.xml:24:5-79
MERGED from [com.google.firebase:firebase-analytics:16.0.1] AndroidManifest.xml:24:5-79
MERGED from [com.google.firebase:firebase-analytics-impl:16.1.1] AndroidManifest.xml:24:5-79
MERGED from [com.google.firebase:firebase-analytics-impl:16.1.1] AndroidManifest.xml:24:5-79
MERGED from [com.google.firebase:firebase-iid:16.2.0] AndroidManifest.xml:22:5-79
MERGED from [com.google.firebase:firebase-iid:16.2.0] AndroidManifest.xml:22:5-79
MERGED from [com.google.android.gms:play-services-ads-lite:15.0.1] AndroidManifest.xml:24:5-79
MERGED from [com.google.android.gms:play-services-ads-lite:15.0.1] AndroidManifest.xml:24:5-79
	android:name
		ADDED from src/main/AndroidManifest.xml:14:20-74
uses-permission#android.permission.INTERNET
ADDED from src/main/AndroidManifest.xml:15:3-65
MERGED from [:react-native-google-analytics-bridge] AndroidManifest.xml:11:5-67
MERGED from [:react-native-google-analytics-bridge] AndroidManifest.xml:11:5-67
MERGED from [host.exp.exponent:expoview:29.0.0] AndroidManifest.xml:19:5-67
MERGED from [host.exp.exponent:expoview:29.0.0] AndroidManifest.xml:19:5-67
MERGED from [com.facebook.android:audience-network-sdk:4.99.0] AndroidManifest.xml:11:5-67
MERGED from [com.facebook.android:audience-network-sdk:4.99.0] AndroidManifest.xml:11:5-67
MERGED from [com.google.android.gms:play-services-gcm:15.0.1] AndroidManifest.xml:24:5-67
MERGED from [com.google.android.gms:play-services-gcm:15.0.1] AndroidManifest.xml:24:5-67
MERGED from [com.google.android.gms:play-services-analytics:16.0.1] AndroidManifest.xml:23:5-67
MERGED from [com.google.android.gms:play-services-analytics:16.0.1] AndroidManifest.xml:23:5-67
MERGED from [com.google.android.gms:play-services-maps:15.0.1] AndroidManifest.xml:24:5-67
MERGED from [com.google.android.gms:play-services-maps:15.0.1] AndroidManifest.xml:24:5-67
MERGED from [com.onesignal:OneSignal:3.10.1] AndroidManifest.xml:17:5-67
MERGED from [com.onesignal:OneSignal:3.10.1] AndroidManifest.xml:17:5-67
MERGED from [net.openid:appauth:0.4.1] AndroidManifest.xml:24:5-67
MERGED from [net.openid:appauth:0.4.1] AndroidManifest.xml:24:5-67
MERGED from [com.google.android.gms:play-services-iid:15.0.1] AndroidManifest.xml:24:5-67
MERGED from [com.google.android.gms:play-services-iid:15.0.1] AndroidManifest.xml:24:5-67
MERGED from [com.google.android.gms:play-services-analytics-impl:16.0.1] AndroidManifest.xml:23:5-67
MERGED from [com.google.android.gms:play-services-analytics-impl:16.0.1] AndroidManifest.xml:23:5-67
MERGED from [com.google.firebase:firebase-measurement-connector-impl:16.0.1] AndroidManifest.xml:22:5-67
MERGED from [com.google.firebase:firebase-measurement-connector-impl:16.0.1] AndroidManifest.xml:22:5-67
MERGED from [com.google.firebase:firebase-analytics:16.0.1] AndroidManifest.xml:23:5-67
MERGED from [com.google.firebase:firebase-analytics:16.0.1] AndroidManifest.xml:23:5-67
MERGED from [com.google.firebase:firebase-analytics-impl:16.1.1] AndroidManifest.xml:23:5-67
MERGED from [com.google.firebase:firebase-analytics-impl:16.1.1] AndroidManifest.xml:23:5-67
MERGED from [com.google.firebase:firebase-iid:16.2.0] AndroidManifest.xml:23:5-67
MERGED from [com.google.firebase:firebase-iid:16.2.0] AndroidManifest.xml:23:5-67
MERGED from [com.google.android.gms:play-services-ads-lite:15.0.1] AndroidManifest.xml:23:5-67
MERGED from [com.google.android.gms:play-services-ads-lite:15.0.1] AndroidManifest.xml:23:5-67
MERGED from [com.crashlytics.sdk.android:crashlytics:2.5.5] AndroidManifest.xml:9:5-67
MERGED from [com.crashlytics.sdk.android:crashlytics:2.5.5] AndroidManifest.xml:9:5-67
MERGED from [com.crashlytics.sdk.android:crashlytics-core:2.3.8] AndroidManifest.xml:9:5-67
MERGED from [com.crashlytics.sdk.android:crashlytics-core:2.3.8] AndroidManifest.xml:9:5-67
MERGED from [com.crashlytics.sdk.android:answers:1.3.6] AndroidManifest.xml:9:5-67
MERGED from [com.crashlytics.sdk.android:answers:1.3.6] AndroidManifest.xml:9:5-67
MERGED from [io.fabric.sdk.android:fabric:1.3.10] AndroidManifest.xml:25:5-67
MERGED from [io.fabric.sdk.android:fabric:1.3.10] AndroidManifest.xml:25:5-67
MERGED from [com.crashlytics.sdk.android:beta:1.1.4] AndroidManifest.xml:9:5-67
MERGED from [com.crashlytics.sdk.android:beta:1.1.4] AndroidManifest.xml:9:5-67
	android:name
		ADDED from src/main/AndroidManifest.xml:15:20-62
uses-permission#android.permission.SYSTEM_ALERT_WINDOW
ADDED from src/main/AndroidManifest.xml:16:3-76
MERGED from [host.exp.exponent:expoview:29.0.0] AndroidManifest.xml:21:5-78
MERGED from [host.exp.exponent:expoview:29.0.0] AndroidManifest.xml:21:5-78
MERGED from [com.facebook.react:react-native:29.0.0] AndroidManifest.xml:11:5-78
MERGED from [com.facebook.react:react-native:29.0.0] AndroidManifest.xml:11:5-78
MERGED from [host.exp:reactandroid-abi28_0_0:1.0.0] AndroidManifest.xml:11:5-78
MERGED from [host.exp:reactandroid-abi28_0_0:1.0.0] AndroidManifest.xml:11:5-78
MERGED from [host.exp:reactandroid-abi27_0_0:1.0.0] AndroidManifest.xml:11:5-78
MERGED from [host.exp:reactandroid-abi27_0_0:1.0.0] AndroidManifest.xml:11:5-78
MERGED from [host.exp:reactandroid-abi26_0_0:1.0.0] AndroidManifest.xml:11:5-78
MERGED from [host.exp:reactandroid-abi26_0_0:1.0.0] AndroidManifest.xml:11:5-78
MERGED from [host.exp:reactandroid-abi25_0_0:1.0.0] AndroidManifest.xml:11:5-78
MERGED from [host.exp:reactandroid-abi25_0_0:1.0.0] AndroidManifest.xml:11:5-78
MERGED from [host.exp:reactandroid-abi24_0_0:1.0.0] AndroidManifest.xml:11:5-78
MERGED from [host.exp:reactandroid-abi24_0_0:1.0.0] AndroidManifest.xml:11:5-78
MERGED from [host.exp:reactandroid-abi23:1.0.0] AndroidManifest.xml:11:5-78
MERGED from [host.exp:reactandroid-abi23:1.0.0] AndroidManifest.xml:11:5-78
MERGED from [host.exp:reactandroid-abi29_0_0:1.0.0] AndroidManifest.xml:11:5-78
MERGED from [host.exp:reactandroid-abi29_0_0:1.0.0] AndroidManifest.xml:11:5-78
	android:name
		ADDED from src/main/AndroidManifest.xml:16:20-73
uses-permission#android.permission.WAKE_LOCK
ADDED from src/main/AndroidManifest.xml:17:3-66
MERGED from [host.exp.exponent:expoview:29.0.0] AndroidManifest.xml:22:5-68
MERGED from [host.exp.exponent:expoview:29.0.0] AndroidManifest.xml:22:5-68
MERGED from [com.google.android.gms:play-services-analytics:16.0.1] AndroidManifest.xml:27:5-68
MERGED from [com.google.android.gms:play-services-analytics:16.0.1] AndroidManifest.xml:27:5-68
MERGED from [com.onesignal:OneSignal:3.10.1] AndroidManifest.xml:19:5-68
MERGED from [com.onesignal:OneSignal:3.10.1] AndroidManifest.xml:19:5-68
MERGED from [com.google.android.gms:play-services-analytics-impl:16.0.1] AndroidManifest.xml:27:5-68
MERGED from [com.google.android.gms:play-services-analytics-impl:16.0.1] AndroidManifest.xml:27:5-68
MERGED from [com.google.firebase:firebase-measurement-connector-impl:16.0.1] AndroidManifest.xml:24:5-68
MERGED from [com.google.firebase:firebase-measurement-connector-impl:16.0.1] AndroidManifest.xml:24:5-68
MERGED from [com.google.firebase:firebase-analytics:16.0.1] AndroidManifest.xml:25:5-68
MERGED from [com.google.firebase:firebase-analytics:16.0.1] AndroidManifest.xml:25:5-68
MERGED from [com.google.firebase:firebase-analytics-impl:16.1.1] AndroidManifest.xml:25:5-68
MERGED from [com.google.firebase:firebase-analytics-impl:16.1.1] AndroidManifest.xml:25:5-68
MERGED from [com.google.firebase:firebase-iid:16.2.0] AndroidManifest.xml:24:5-68
MERGED from [com.google.firebase:firebase-iid:16.2.0] AndroidManifest.xml:24:5-68
	android:name
		ADDED from src/main/AndroidManifest.xml:17:20-63
uses-permission#com.android.vending.BILLING
ADDED from src/main/AndroidManifest.xml:19:5-67
MERGED from [com.android.billingclient:billing:1.1] AndroidManifest.xml:10:5-67
MERGED from [com.android.billingclient:billing:1.1] AndroidManifest.xml:10:5-67
	android:name
		ADDED from src/main/AndroidManifest.xml:19:22-64
uses-permission#android.permission.ACCESS_COARSE_LOCATION
ADDED from src/main/AndroidManifest.xml:20:5-101
REJECTED from [host.exp.exponent:expoview:29.0.0] AndroidManifest.xml:37:5-81
REJECTED from [io.nlopez.smartlocation:library:3.2.11] AndroidManifest.xml:12:5-81
	tools:node
		ADDED from src/main/AndroidManifest.xml:20:79-98
	android:name
		ADDED from src/main/AndroidManifest.xml:20:22-78
uses-permission#android.permission.ACCESS_FINE_LOCATION
ADDED from src/main/AndroidManifest.xml:21:1-95
REJECTED from [host.exp.exponent:expoview:29.0.0] AndroidManifest.xml:38:5-79
REJECTED from [io.nlopez.smartlocation:library:3.2.11] AndroidManifest.xml:14:5-79
	tools:node
		ADDED from src/main/AndroidManifest.xml:21:73-92
	android:name
		ADDED from src/main/AndroidManifest.xml:21:18-72
uses-permission#android.permission.CAMERA
ADDED from src/main/AndroidManifest.xml:23:1-81
REJECTED from [host.exp.exponent:expoview:29.0.0] AndroidManifest.xml:36:5-65
REJECTED from [com.google.android:cameraview:1.0.0] AndroidManifest.xml:23:5-65
	tools:node
		ADDED from src/main/AndroidManifest.xml:23:59-78
	android:name
		ADDED from src/main/AndroidManifest.xml:23:18-58
uses-permission#android.permission.MANAGE_DOCUMENTS
ADDED from src/main/AndroidManifest.xml:24:1-91
REJECTED from [host.exp.exponent:expoview:29.0.0] AndroidManifest.xml:26:5-75
	tools:node
		ADDED from src/main/AndroidManifest.xml:24:69-88
	android:name
		ADDED from src/main/AndroidManifest.xml:24:18-68
uses-permission#android.permission.READ_CONTACTS
ADDED from src/main/AndroidManifest.xml:25:1-88
REJECTED from [host.exp.exponent:expoview:29.0.0] AndroidManifest.xml:31:5-72
	tools:node
		ADDED from src/main/AndroidManifest.xml:25:66-85
	android:name
		ADDED from src/main/AndroidManifest.xml:25:18-65
uses-permission#android.permission.READ_CALENDAR
ADDED from src/main/AndroidManifest.xml:26:1-88
REJECTED from [host.exp.exponent:expoview:29.0.0] AndroidManifest.xml:32:5-72
	tools:node
		ADDED from src/main/AndroidManifest.xml:26:66-85
	android:name
		ADDED from src/main/AndroidManifest.xml:26:18-65
uses-permission#android.permission.WRITE_CALENDAR
ADDED from src/main/AndroidManifest.xml:27:1-89
REJECTED from [host.exp.exponent:expoview:29.0.0] AndroidManifest.xml:33:5-73
	tools:node
		ADDED from src/main/AndroidManifest.xml:27:67-86
	android:name
		ADDED from src/main/AndroidManifest.xml:27:18-66
uses-permission#android.permission.READ_EXTERNAL_STORAGE
ADDED from src/main/AndroidManifest.xml:28:1-96
REJECTED from [host.exp.exponent:expoview:29.0.0] AndroidManifest.xml:34:5-80
	tools:node
		ADDED from src/main/AndroidManifest.xml:28:74-93
	android:name
		ADDED from src/main/AndroidManifest.xml:28:18-73
uses-permission#android.permission.READ_INTERNAL_STORAGE
ADDED from src/main/AndroidManifest.xml:29:1-96
REJECTED from [host.exp.exponent:expoview:29.0.0] AndroidManifest.xml:24:5-80
	tools:node
		ADDED from src/main/AndroidManifest.xml:29:74-93
	android:name
		ADDED from src/main/AndroidManifest.xml:29:18-73
uses-permission#android.permission.READ_PHONE_STATE
ADDED from src/main/AndroidManifest.xml:30:1-91
	tools:node
		ADDED from src/main/AndroidManifest.xml:30:69-88
	android:name
		ADDED from src/main/AndroidManifest.xml:30:18-68
uses-permission#android.permission.RECORD_AUDIO
ADDED from src/main/AndroidManifest.xml:31:1-87
	tools:node
		ADDED from src/main/AndroidManifest.xml:31:65-84
	android:name
		ADDED from src/main/AndroidManifest.xml:31:18-64
uses-permission#android.permission.USE_FINGERPRINT
ADDED from src/main/AndroidManifest.xml:32:1-90
REJECTED from [host.exp.exponent:expoview:29.0.0] AndroidManifest.xml:27:5-74
	tools:node
		ADDED from src/main/AndroidManifest.xml:32:68-87
	android:name
		ADDED from src/main/AndroidManifest.xml:32:18-67
uses-permission#android.permission.VIBRATE
ADDED from src/main/AndroidManifest.xml:33:1-82
REJECTED from [com.onesignal:OneSignal:3.10.1] AndroidManifest.xml:24:5-66
	tools:node
		ADDED from src/main/AndroidManifest.xml:33:60-79
	android:name
		ADDED from src/main/AndroidManifest.xml:33:18-59